<?xml version="1.0" encoding="UTF-8"?>
<!-- Generated by org.testng.reporters.JUnitReportReporter -->
<testsuite skipped="0" hostname="Vishals-MacBook-Air-2.local" name="demopackage.TestScript" tests="3" failures="0" timestamp="13 Oct 2017 09:33:34 GMT" time="17.970" errors="0">
  <testcase name="LaunchChromeBrowser" time="2.004" classname="demopackage.TestScript"/>
  <testcase name="OpenLinkServify360DashbordUrl" time="2.876" classname="demopackage.TestScript"/>
  <testcase name="UserLoginServify360Dashbord" time="13.090" classname="demopackage.TestScript"/>
</testsuite> <!-- demopackage.TestScript -->
